SF:lib/models/ball.dart
DA:13,7
DA:21,5
DA:22,7
DA:24,1
DA:25,2
DA:28,2
DA:31,4
DA:34,4
DA:37,2
DA:40,1
DA:41,2
DA:44,4
DA:46,1
DA:47,2
DA:48,2
DA:49,2
DA:50,1
DA:51,1
LF:18
LH:18
end_of_record
SF:lib/models/peg.dart
DA:25,5
DA:32,5
DA:34,10
DA:35,5
DA:36,5
DA:40,5
DA:42,5
DA:44,5
DA:46,1
DA:51,1
DA:52,3
DA:53,3
DA:56,1
DA:57,2
DA:58,1
DA:61,3
DA:62,3
DA:63,3
DA:64,3
DA:65,9
DA:67,6
DA:68,3
DA:72,3
DA:73,3
DA:74,3
DA:75,3
DA:76,3
DA:78,6
DA:79,3
DA:80,3
DA:85,1
DA:87,4
DA:88,4
DA:89,3
DA:91,2
DA:92,0
DA:97,4
DA:99,7
DA:101,1
DA:105,2
DA:106,6
DA:108,8
DA:110,8
DA:114,1
DA:115,4
DA:117,4
DA:123,1
DA:124,4
DA:126,3
LF:49
LH:48
end_of_record
SF:lib/models/slot.dart
DA:12,5
DA:19,5
DA:21,5
DA:22,5
DA:24,4
DA:26,4
DA:33,1
DA:34,7
DA:35,7
DA:36,7
DA:37,7
DA:40,2
DA:41,4
DA:44,3
DA:45,3
DA:48,2
DA:49,5
DA:50,1
DA:51,1
DA:54,3
DA:55,3
DA:56,6
DA:57,6
DA:58,6
DA:59,6
LF:25
LH:25
end_of_record
SF:lib/services/physics_engine.dart
DA:17,3
DA:19,1
DA:20,2
DA:21,2
DA:24,2
DA:27,4
DA:30,2
DA:33,4
DA:36,1
DA:40,1
DA:42,5
DA:43,3
DA:44,6
DA:48,5
DA:49,4
DA:50,6
DA:54,5
DA:55,1
DA:59,1
DA:60,1
DA:62,2
DA:63,1
DA:65,2
DA:66,3
DA:67,1
DA:69,1
DA:70,1
DA:71,1
DA:73,1
DA:82,1
DA:84,2
DA:87,8
DA:88,1
DA:89,3
DA:93,2
DA:96,1
DA:99,1
DA:105,3
DA:108,1
DA:109,2
DA:112,4
DA:113,1
DA:114,3
DA:117,1
DA:118,1
DA:120,2
DA:121,2
DA:123,2
DA:124,2
DA:125,8
DA:126,1
DA:127,1
DA:128,1
DA:129,1
DA:138,1
DA:139,2
DA:140,1
DA:143,1
DA:145,4
DA:148,1
DA:150,2
DA:151,3
DA:152,2
DA:155,1
DA:157,1
DA:158,1
DA:159,1
DA:161,2
DA:162,2
DA:165,2
DA:166,3
DA:167,1
DA:170,2
LF:73
LH:73
end_of_record
SF:lib/models/ball_launcher.dart
DA:24,2
DA:25,2
DA:26,0
DA:27,2
DA:29,3
DA:30,3
DA:33,3
DA:34,6
DA:42,6
DA:43,3
DA:44,9
DA:45,9
DA:54,6
DA:55,9
DA:56,12
DA:57,9
DA:58,9
DA:62,3
DA:63,3
DA:64,9
DA:67,1
DA:68,2
DA:69,1
DA:70,1
DA:74,1
DA:75,2
DA:76,3
DA:80,1
DA:81,2
DA:83,1
DA:86,2
DA:87,1
DA:91,1
DA:92,1
DA:93,1
DA:95,1
DA:98,1
DA:99,3
DA:102,5
DA:103,3
DA:106,7
DA:107,2
DA:108,2
DA:112,5
DA:114,1
DA:115,2
DA:116,1
DA:121,5
DA:122,3
DA:123,4
DA:124,3
DA:126,6
DA:127,6
DA:128,3
DA:134,1
DA:136,3
DA:137,0
DA:142,5
DA:143,5
DA:146,2
DA:149,5
DA:150,1
DA:153,1
DA:156,1
DA:157,1
DA:158,1
DA:159,1
DA:160,1
DA:161,1
DA:164,3
LF:70
LH:68
end_of_record
SF:lib/models/game_state.dart
DA:30,2
DA:31,2
DA:32,2
DA:33,2
DA:34,2
DA:35,3
DA:36,2
DA:37,2
DA:38,5
DA:39,5
DA:41,1
DA:42,1
DA:43,2
DA:44,1
DA:45,1
DA:46,1
DA:47,1
DA:50,1
DA:51,1
DA:52,2
DA:53,2
DA:54,1
DA:57,1
DA:58,1
DA:60,2
DA:61,2
DA:62,1
DA:63,1
DA:66,1
DA:67,2
DA:68,1
DA:71,1
DA:72,2
DA:75,2
DA:76,2
DA:78,0
DA:79,0
DA:80,0
DA:81,2
DA:82,1
DA:84,1
DA:87,1
DA:90,1
DA:91,1
DA:93,1
DA:94,4
DA:97,1
DA:99,3
DA:100,1
DA:101,1
DA:102,6
DA:103,1
DA:107,2
DA:109,1
DA:112,1
DA:115,1
DA:116,1
DA:117,2
DA:118,2
DA:119,2
DA:123,1
DA:124,2
DA:125,2
DA:126,2
DA:127,1
DA:128,1
DA:129,1
DA:130,1
DA:133,1
DA:134,2
DA:135,1
DA:136,1
DA:140,1
DA:141,2
DA:142,1
DA:143,1
DA:147,1
DA:148,1
DA:149,1
LF:79
LH:76
end_of_record
SF:lib/models/level.dart
DA:17,2
DA:27,2
DA:28,2
DA:29,2
DA:30,2
DA:31,2
DA:34,2
DA:35,2
DA:38,4
DA:42,4
DA:48,2
DA:49,8
DA:50,8
DA:53,4
DA:54,0
DA:55,0
DA:58,0
DA:64,4
DA:65,8
DA:66,4
DA:67,2
DA:76,2
DA:80,2
DA:81,2
DA:86,2
DA:87,2
DA:93,2
DA:95,4
DA:96,6
DA:97,2
DA:101,6
DA:103,4
DA:105,6
DA:111,2
DA:112,2
DA:113,2
DA:117,2
DA:120,2
DA:122,2
DA:131,2
DA:132,4
DA:133,2
DA:135,4
DA:136,2
DA:140,1
DA:141,4
DA:144,2
DA:145,2
LF:48
LH:45
end_of_record
SF:lib/utils/peg_patterns.dart
DA:7,2
DA:8,2
DA:9,4
DA:12,4
DA:17,2
DA:18,8
DA:19,8
DA:22,4
DA:23,2
DA:24,4
DA:27,2
DA:33,4
DA:34,8
DA:35,2
DA:44,2
DA:48,6
DA:49,2
DA:50,2
DA:53,2
DA:60,1
DA:61,1
DA:67,1
DA:68,3
DA:70,2
DA:71,2
DA:72,2
DA:73,1
DA:75,1
DA:76,1
DA:77,3
DA:79,2
DA:80,2
DA:83,2
DA:84,0
DA:85,0
DA:89,4
DA:90,4
DA:92,3
DA:93,1
DA:94,1
DA:97,1
DA:105,2
DA:106,2
DA:109,2
DA:110,2
DA:115,2
DA:116,2
DA:117,4
DA:118,4
DA:120,4
DA:121,4
DA:124,6
DA:125,4
DA:126,0
DA:127,0
DA:131,8
DA:132,8
DA:134,6
DA:135,2
DA:136,2
DA:139,2
DA:144,2
DA:145,4
DA:151,2
DA:153,2
DA:154,2
DA:155,1
DA:156,2
DA:157,2
DA:159,2
LF:70
LH:66
end_of_record
SF:lib/services/audio_service.dart
DA:59,2
DA:62,1
DA:65,1
DA:67,3
DA:71,0
DA:72,0
DA:88,2
DA:93,4
DA:94,4
DA:97,2
DA:98,1
DA:99,1
DA:100,1
DA:101,1
DA:104,1
DA:109,0
DA:117,1
DA:118,3
DA:119,6
DA:127,1
DA:128,2
DA:130,1
DA:133,1
DA:134,2
DA:135,1
DA:136,1
DA:143,1
DA:144,1
DA:155,1
DA:156,1
DA:166,1
DA:167,1
DA:176,1
DA:179,1
DA:189,1
DA:190,1
DA:206,1
DA:208,2
DA:211,2
DA:212,2
DA:223,2
DA:224,4
DA:225,2
LF:43
LH:40
end_of_record
SF:lib/services/game_manager.dart
DA:25,2
DA:31,2
DA:32,2
DA:33,2
DA:36,2
DA:37,2
DA:38,2
DA:39,3
DA:41,1
DA:42,2
DA:43,1
DA:44,1
DA:47,1
DA:48,2
DA:49,2
DA:50,1
DA:53,1
DA:54,2
DA:55,1
DA:56,1
DA:59,1
DA:60,2
DA:61,2
DA:62,1
DA:65,1
DA:66,2
DA:67,2
DA:68,1
DA:72,1
DA:73,2
DA:74,1
DA:77,1
DA:78,2
DA:80,2
DA:82,2
DA:85,1
DA:87,1
DA:88,1
DA:92,1
DA:95,1
DA:96,3
DA:98,2
DA:99,2
DA:101,1
DA:105,1
DA:106,1
DA:107,4
DA:108,1
DA:111,2
DA:113,1
DA:114,1
DA:116,1
DA:119,1
DA:120,2
DA:121,2
DA:126,3
DA:127,0
DA:128,0
DA:130,0
DA:134,1
DA:137,2
DA:138,3
DA:140,2
DA:143,3
DA:144,1
DA:147,3
DA:148,1
DA:151,2
DA:152,1
DA:153,0
DA:158,1
DA:159,2
DA:160,2
DA:162,1
DA:163,1
DA:168,1
DA:169,2
DA:170,3
DA:172,1
DA:176,1
DA:177,2
DA:178,2
DA:180,1
DA:181,2
DA:183,1
DA:187,1
DA:188,3
DA:189,3
DA:190,2
DA:191,2
DA:193,2
DA:198,1
DA:199,2
DA:200,2
DA:201,1
DA:204,1
DA:205,2
DA:206,2
DA:207,1
DA:211,2
DA:213,3
DA:214,2
LF:102
LH:98
end_of_record
SF:lib/widgets/pachinko_board.dart
DA:10,5
DA:12,3
DA:13,3
DA:22,3
DA:24,3
DA:25,3
DA:26,3
DA:27,2
DA:28,2
DA:29,2
DA:30,3
DA:31,3
DA:33,6
DA:34,6
DA:35,6
DA:37,3
DA:38,3
DA:40,3
DA:41,3
DA:42,3
DA:53,1
DA:54,2
DA:57,2
DA:58,2
DA:61,2
DA:62,2
DA:65,2
DA:66,2
DA:67,1
DA:68,2
DA:69,1
DA:70,2
DA:75,1
DA:76,3
DA:78,2
DA:79,6
DA:83,2
DA:84,4
DA:85,2
DA:86,1
DA:90,1
DA:91,3
DA:92,1
DA:95,2
DA:96,1
DA:97,1
DA:98,1
DA:102,1
DA:103,1
DA:113,3
DA:120,2
DA:122,4
DA:123,2
DA:128,2
DA:129,2
DA:130,1
DA:132,1
DA:133,1
DA:136,1
DA:139,1
DA:142,1
DA:145,1
DA:148,1
DA:149,1
DA:152,4
DA:153,1
DA:157,1
DA:158,1
DA:161,1
DA:164,1
DA:165,1
DA:166,1
DA:167,1
DA:169,1
DA:170,1
DA:175,1
DA:176,2
DA:177,1
DA:178,2
DA:179,1
DA:181,1
DA:182,2
DA:183,1
DA:184,1
DA:186,1
DA:187,5
DA:188,1
DA:189,1
DA:192,1
DA:193,1
DA:197,1
DA:198,1
DA:203,1
DA:204,1
DA:205,2
DA:214,1
DA:215,1
DA:217,1
DA:218,5
DA:219,5
DA:224,2
DA:225,0
DA:226,0
DA:227,0
DA:236,0
DA:237,0
DA:239,0
DA:240,0
DA:241,0
DA:248,1
DA:249,2
DA:251,2
DA:254,2
DA:255,1
DA:256,4
DA:257,1
DA:259,1
DA:260,5
DA:261,1
DA:267,5
DA:268,1
DA:269,4
DA:270,1
DA:272,1
DA:273,5
DA:274,5
DA:280,1
DA:281,2
DA:282,1
DA:284,1
DA:285,5
DA:286,1
DA:292,1
DA:293,2
DA:294,1
DA:296,1
DA:297,2
DA:298,1
DA:300,1
DA:301,2
DA:302,1
DA:303,1
DA:305,1
DA:306,5
DA:307,1
DA:311,1
DA:312,5
DA:313,1
DA:319,1
DA:321,1
DA:322,2
DA:323,1
DA:324,1
DA:327,1
DA:328,1
DA:329,1
DA:334,1
DA:335,2
DA:336,2
DA:341,1
DA:342,2
DA:343,1
DA:344,1
DA:346,3
DA:347,4
DA:348,1
DA:349,5
DA:350,7
DA:356,1
DA:358,1
DA:359,2
DA:360,1
DA:362,1
DA:363,1
DA:364,1
DA:365,1
DA:366,1
DA:373,1
DA:374,1
DA:375,1
DA:377,1
DA:378,3
DA:384,1
DA:396,1
DA:397,1
DA:399,1
DA:400,1
DA:401,1
DA:406,1
DA:408,3
DA:409,3
DA:410,1
DA:413,1
DA:414,2
DA:415,1
DA:417,1
DA:418,1
DA:419,1
DA:424,1
DA:425,1
DA:430,1
DA:431,2
DA:432,1
DA:434,2
DA:435,1
DA:436,1
DA:437,2
DA:438,1
DA:442,1
DA:443,1
DA:448,1
DA:449,1
DA:450,3
DA:460,1
DA:461,1
DA:463,1
DA:464,2
DA:465,2
DA:470,1
DA:471,1
DA:472,2
DA:473,1
DA:475,1
DA:476,1
DA:481,1
DA:492,1
DA:493,1
DA:495,1
DA:496,3
DA:497,4
DA:502,1
LF:231
LH:223
end_of_record
SF:lib/models/high_score.dart
DA:20,3
DA:24,2
DA:29,2
DA:30,2
DA:31,2
DA:32,2
DA:33,4
DA:41,2
DA:42,2
DA:43,2
DA:44,2
DA:45,4
DA:55,1
DA:56,3
DA:60,1
DA:63,1
DA:64,3
DA:65,3
DA:66,3
DA:70,1
DA:71,4
DA:74,1
DA:76,4
LF:23
LH:23
end_of_record
SF:lib/services/storage_service.dart
DA:16,1
DA:22,0
DA:23,0
DA:24,0
DA:34,1
DA:36,1
DA:37,2
DA:38,5
DA:40,1
DA:41,4
DA:42,3
DA:45,2
DA:56,1
DA:58,1
DA:59,2
DA:60,1
DA:62,1
DA:63,4
DA:65,2
DA:66,1
DA:76,1
DA:78,2
DA:79,1
DA:80,1
DA:81,3
DA:91,1
DA:92,1
DA:93,2
DA:101,1
DA:103,2
DA:104,2
DA:105,1
DA:106,2
DA:110,0
LF:34
LH:30
end_of_record
SF:lib/main.dart
DA:8,0
DA:9,0
DA:13,5
DA:15,1
DA:16,1
DA:22,1
DA:24,1
DA:26,2
DA:27,2
DA:30,1
DA:33,2
DA:34,1
DA:37,1
DA:39,1
DA:40,1
DA:42,2
DA:44,1
DA:45,3
DA:48,1
DA:50,1
LF:20
LH:18
end_of_record
SF:lib/screens/menu_screen.dart
DA:9,5
DA:11,2
DA:13,2
DA:15,2
DA:26,2
DA:27,2
DA:28,2
DA:30,2
DA:32,2
DA:34,8
DA:37,2
DA:50,2
DA:52,8
DA:60,2
DA:63,2
DA:70,2
DA:73,2
DA:79,2
DA:82,2
DA:88,2
DA:91,0
DA:97,2
DA:99,8
DA:112,1
DA:113,1
DA:114,1
DA:116,2
DA:117,1
DA:118,1
DA:123,1
DA:124,1
DA:126,2
DA:129,1
DA:132,1
DA:140,1
DA:141,1
DA:142,1
DA:143,1
DA:144,2
DA:145,1
DA:147,1
DA:148,1
DA:150,1
DA:151,1
DA:153,1
DA:154,1
DA:155,1
DA:168,1
DA:169,1
DA:170,3
DA:178,1
DA:179,1
DA:180,1
DA:182,2
DA:183,1
DA:184,1
DA:189,1
DA:190,1
DA:192,2
DA:241,1
DA:242,1
DA:243,3
DA:251,0
DA:252,0
DA:253,0
DA:254,0
DA:266,2
DA:273,2
DA:275,2
DA:278,2
DA:279,2
DA:280,4
DA:281,4
DA:282,2
DA:283,2
DA:287,2
DA:288,2
DA:289,2
DA:290,2
DA:291,2
DA:292,2
LF:81
LH:76
end_of_record
SF:lib/screens/game_screen.dart
DA:9,5
DA:11,2
DA:13,2
DA:15,2
DA:16,2
DA:17,2
DA:19,2
DA:22,2
DA:23,2
DA:25,2
DA:27,2
DA:28,2
DA:29,2
DA:38,2
DA:47,2
DA:49,2
DA:50,2
DA:51,2
DA:53,2
DA:55,2
DA:57,2
DA:58,2
DA:61,4
DA:64,2
DA:67,4
DA:70,2
DA:73,4
DA:90,2
DA:97,2
DA:99,2
DA:101,2
DA:102,2
DA:103,2
DA:104,2
DA:108,2
DA:109,2
DA:110,8
DA:115,2
DA:116,2
DA:117,8
DA:127,2
DA:129,2
DA:130,2
DA:131,2
DA:133,2
DA:135,2
DA:137,2
DA:139,2
DA:140,3
DA:142,2
DA:149,4
DA:150,1
DA:151,1
DA:153,1
DA:158,8
DA:159,1
DA:160,1
DA:162,1
DA:169,2
DA:170,2
DA:172,2
DA:179,6
DA:180,1
DA:181,1
DA:184,1
LF:65
LH:65
end_of_record
SF:lib/screens/high_scores_screen.dart
DA:14,5
DA:16,1
DA:17,1
DA:25,1
DA:27,1
DA:28,3
DA:29,1
DA:33,1
DA:34,1
DA:35,2
DA:36,2
DA:37,1
DA:39,5
DA:41,1
DA:42,2
DA:43,1
DA:44,1
DA:49,1
DA:51,1
DA:52,1
DA:54,1
DA:55,1
DA:57,1
DA:62,1
DA:64,2
DA:72,1
DA:73,2
DA:74,1
DA:75,2
DA:76,1
DA:77,1
DA:78,3
DA:80,3
DA:81,3
DA:89,1
DA:90,1
DA:91,1
DA:92,2
DA:95,1
DA:96,1
DA:97,0
DA:100,1
DA:101,1
DA:102,2
DA:103,1
DA:104,1
DA:114,1
DA:115,1
DA:116,3
DA:117,1
DA:118,3
DA:120,4
LF:52
LH:51
end_of_record
